[2025-12-19 13:08:08] [INFO] Starting Flask server v4.0 (Refactored)...
[2025-12-19 13:08:08] [INFO] Frontend: http://localhost:5000/index.html
[2025-12-19 13:08:08] [INFO] Endpoints:
[2025-12-19 13:08:08] [INFO]   - POST /api/transcript
[2025-12-19 13:08:08] [INFO]   - POST /api/summarize
[2025-12-19 13:08:08] [INFO]   - POST /api/hybrid
[2025-12-19 13:08:09] [INFO] Starting Flask server v4.0 (Refactored)...
[2025-12-19 13:08:09] [INFO] Frontend: http://localhost:5000/index.html
[2025-12-19 13:08:09] [INFO] Endpoints:
[2025-12-19 13:08:09] [INFO]   - POST /api/transcript
[2025-12-19 13:08:09] [INFO]   - POST /api/summarize
[2025-12-19 13:08:09] [INFO]   - POST /api/hybrid
[2025-12-19 13:11:58] [INFO] >>> ENDPOINT: /api/transcript <<<
[2025-12-19 13:11:58] [INFO] Processing: https://www.youtube.com/watch?v=eeaYrpPaAnQ
[2025-12-19 13:11:58] [INFO] >>> SECTION 1: Getting transcript <<<
[2025-12-19 13:11:58] [INFO] Attempting YouTube transcript API for: eeaYrpPaAnQ
[2025-12-19 13:11:59] [WARNING] YouTube transcript not available: TranscriptList.find_manually_created_transcript() missing 1 required positional argument: 'language_codes'
[2025-12-19 13:11:59] [INFO] Falling back to Whisper...
[2025-12-19 13:11:59] [INFO] Downloading audio: https://www.youtube.com/watch?v=eeaYrpPaAnQ
[2025-12-19 13:11:59] [INFO] Audio download attempt 1/3...
[2025-12-19 13:12:08] [INFO] [OK] Audio downloaded: C:\Users\Kornel\AppData\Local\Temp\yt_audio_20251219_131159.mp3
[2025-12-19 13:12:08] [INFO] Transcribing with Whisper...
[2025-12-19 13:12:08] [INFO] Initializing Whisper model...
[2025-12-19 13:12:09] [INFO] [OK] Whisper model loaded
[2025-12-19 13:14:57] [INFO] [OK] Transcription complete (16569 characters)
[2025-12-19 13:14:57] [INFO] Using Whisper transcript source
[2025-12-19 13:14:57] [INFO] [OK] Transcript ready - source: whisper
[2025-12-19 13:14:57] [INFO] [OK] Transcript file created
[2025-12-19 13:15:53] [INFO] >>> ENDPOINT: /api/summarize (FILE UPLOAD MODE) <<<
[2025-12-19 13:15:53] [INFO] File: transcript.txt
[2025-12-19 13:15:53] [INFO] [OK] Transcript file loaded (16856 characters)
[2025-12-19 13:15:53] [INFO] [PROCESS] Extracted transcript: 16568 characters
[2025-12-19 13:15:53] [INFO] [START] Summarization process (detailed mode)
[2025-12-19 13:15:53] [INFO] Using Perplexity API...
[2025-12-19 13:15:53] [INFO] Perplexity API: summarizing (detailed mode)...
[2025-12-19 13:16:19] [INFO] [OK] Perplexity response (6823 characters)
[2025-12-19 13:16:19] [INFO] [OK] Summary generated (6823 characters)
[2025-12-19 13:16:19] [INFO] [EXPORT] Creating TXT...
[2025-12-19 13:16:19] [INFO] [COMPLETE] Summary TXT ready for download (26.1s total)
[2025-12-19 13:17:37] [INFO] >>> ENDPOINT: /api/summarize (FILE UPLOAD MODE) <<<
[2025-12-19 13:17:37] [INFO] File: transcript.txt
[2025-12-19 13:17:37] [INFO] [OK] Transcript file loaded (16856 characters)
[2025-12-19 13:17:37] [INFO] [PROCESS] Extracted transcript: 16568 characters
[2025-12-19 13:17:37] [INFO] [START] Summarization process (detailed mode)
[2025-12-19 13:17:37] [INFO] Using Perplexity API...
[2025-12-19 13:17:37] [INFO] Perplexity API: summarizing (detailed mode)...
[2025-12-19 13:18:12] [INFO] [OK] Perplexity response (7557 characters)
[2025-12-19 13:18:12] [INFO] [OK] Summary generated (7557 characters)
[2025-12-19 13:18:12] [INFO] [EXPORT] Creating PDF...
[2025-12-19 13:18:12] [INFO] [OK] Summary PDF created
[2025-12-19 13:18:12] [INFO] [COMPLETE] Summary PDF ready for download (35.5s total)
[2025-12-19 13:39:03] [INFO] Downloading font from https://github.com/google/fonts/raw/main/apache/roboto/Roboto-Regular.ttf...
[2025-12-19 13:39:04] [ERROR] Failed to download font: 404 Client Error: Not Found for url: https://github.com/google/fonts/raw/main/apache/roboto/Roboto-Regular.ttf
[2025-12-19 13:39:04] [WARNING] Font file not found, using default fonts (Polish chars might fail).
[2025-12-19 13:39:04] [INFO] Downloading font from https://github.com/google/fonts/raw/main/apache/roboto/Roboto-Regular.ttf...
[2025-12-19 13:39:04] [ERROR] Failed to download font: 404 Client Error: Not Found for url: https://github.com/google/fonts/raw/main/apache/roboto/Roboto-Regular.ttf
